<?xml version="1.0" ?>
<!DOCTYPE coverage
  SYSTEM 'http://cobertura.sourceforge.net/xml/coverage-03.dtd'>
<coverage branch-rate="0" line-rate="1" timestamp="1418299797103" version="3.7.1">
	<!-- Generated by coverage.py: http://nedbatchelder.com/code/coverage -->
	<packages>
		<package branch-rate="0" complexity="0" line-rate="0" name="">
			<classes>
				<class branch-rate="0" complexity="0" filename="bankapp/__init__.py" line-rate="0" name="bankapp">
					<methods/>
					<lines/>
				</class>
				<class branch-rate="0" complexity="0" filename="test/unit/__init__.py" line-rate="0" name="unit">
					<methods/>
					<lines/>
				</class>
			</classes>
		</package>
		<package branch-rate="0" complexity="0" line-rate="1" name="bankapp">
			<classes>
				<class branch-rate="0" complexity="0" filename="bankapp/account.py" line-rate="1" name="bankapp.account">
					<methods/>
					<lines>
						<line hits="1" number="4"/>
						<line hits="1" number="8"/>
						<line hits="1" number="9"/>
						<line hits="1" number="11"/>
						<line hits="1" number="12"/>
						<line hits="1" number="14"/>
						<line hits="1" number="15"/>
						<line hits="1" number="16"/>
						<line hits="1" number="17"/>
					</lines>
				</class>
				<class branch-rate="0" complexity="0" filename="bankapp/bank.py" line-rate="1" name="bankapp.bank">
					<methods/>
					<lines>
						<line hits="1" number="5"/>
						<line hits="1" number="9"/>
						<line hits="1" number="13"/>
						<line hits="1" number="14"/>
						<line hits="1" number="16"/>
						<line hits="1" number="20"/>
						<line hits="1" number="22"/>
						<line hits="1" number="26"/>
						<line hits="1" number="27"/>
						<line hits="1" number="28"/>
						<line hits="1" number="30"/>
						<line hits="1" number="32"/>
						<line hits="1" number="36"/>
						<line hits="1" number="38"/>
						<line hits="1" number="39"/>
						<line hits="1" number="40"/>
						<line hits="1" number="41"/>
						<line hits="1" number="42"/>
						<line hits="1" number="44"/>
					</lines>
				</class>
				<class branch-rate="0" complexity="0" filename="bankapp/withdraw_amount_exceed_balance.py" line-rate="1" name="bankapp.withdraw_amount_exceed_balance">
					<methods/>
					<lines>
						<line hits="1" number="5"/>
						<line hits="1" number="9"/>
						<line hits="1" number="11"/>
						<line hits="1" number="15"/>
					</lines>
				</class>
			</classes>
		</package>
	</packages>
</coverage>
