<?xml version="1.0" ?>
<!DOCTYPE coverage
  SYSTEM 'http://cobertura.sourceforge.net/xml/coverage-03.dtd'>
<coverage branch-rate="0" line-rate="0" timestamp="1417696733164" version="3.7.1">
	<!-- Generated by coverage.py: http://nedbatchelder.com/code/coverage -->
	<packages>
		<package branch-rate="0" complexity="0" line-rate="0" name="">
			<classes>
				<class branch-rate="0" complexity="0" filename="bankapp/__init__.py" line-rate="0" name="bankapp">
					<methods/>
					<lines/>
				</class>
			</classes>
		</package>
	</packages>
</coverage>
